\BOOKMARK [1][-]{section*.2}{Adam Ford}{}
\BOOKMARK [1][-]{section*.3}{Adam Wilkinson}{}
\BOOKMARK [1][-]{section*.4}{Adria Hussain}{}
\BOOKMARK [1][-]{section*.5}{Alana Schick}{}
\BOOKMARK [1][-]{section*.6}{Alathea LeTaw}{}
\BOOKMARK [1][-]{section*.7}{Aleeza Gerstein}{}
\BOOKMARK [1][-]{section*.8}{Aliny Pires}{}
\BOOKMARK [1][-]{section*.9}{Alison Poner}{}
\BOOKMARK [1][-]{section*.10}{Alistair Blachford}{}
\BOOKMARK [1][-]{section*.11}{Allan DeBono}{}
\BOOKMARK [1][-]{section*.12}{Allison Barnes}{}
\BOOKMARK [1][-]{section*.13}{Amber Saundry}{}
\BOOKMARK [1][-]{section*.14}{Ana Gonzalves}{}
\BOOKMARK [1][-]{section*.15}{Anastasia Kuzmin}{}
\BOOKMARK [1][-]{section*.16}{Andrea H}{}
\BOOKMARK [1][-]{section*.17}{Andr\351a Stephens}{}
\BOOKMARK [1][-]{section*.18}{Andrej Arsovski}{}
\BOOKMARK [1][-]{section*.19}{Andrew MacDonald}{}
\BOOKMARK [1][-]{section*.20}{Ang\351lica Gonz\341lez}{}
\BOOKMARK [1][-]{section*.21}{Angie Nicolas}{}
\BOOKMARK [1][-]{section*.22}{Anna Maria Csergio}{}
\BOOKMARK [1][-]{section*.23}{Anna Van Tol}{}
\BOOKMARK [1][-]{section*.24}{Anne Bjorkman}{}
\BOOKMARK [1][-]{section*.25}{Anne Dalziel}{}
\BOOKMARK [1][-]{section*.26}{Annika}{}
\BOOKMARK [1][-]{section*.27}{Armando Geraldes}{}
\BOOKMARK [1][-]{section*.28}{Arne Mooers}{}
\BOOKMARK [1][-]{section*.29}{Art Shostak}{}
\BOOKMARK [1][-]{section*.30}{Ashley Smith}{}
\BOOKMARK [1][-]{section*.31}{Barbara Koot}{}
\BOOKMARK [1][-]{section*.32}{Becca Gooding}{}
\BOOKMARK [1][-]{section*.33}{Becca Kordas}{}
\BOOKMARK [1][-]{section*.34}{Bep Schippers}{}
\BOOKMARK [1][-]{section*.35}{Bill Harrower}{}
\BOOKMARK [1][-]{section*.36}{Birgit Schwarz}{}
\BOOKMARK [1][-]{section*.37}{Brianna Wright}{}
\BOOKMARK [1][-]{section*.38}{Bridget Conneely}{}
\BOOKMARK [1][-]{section*.39}{Brook Moyers}{}
\BOOKMARK [1][-]{section*.40}{Cait Nelson}{}
\BOOKMARK [1][-]{section*.41}{Camille Cacnio}{}
\BOOKMARK [1][-]{section*.42}{Carling Gerlinsky}{}
\BOOKMARK [1][-]{section*.43}{Carl Rothfels}{}
\BOOKMARK [1][-]{section*.44}{Caroline Chenard}{}
\BOOKMARK [1][-]{section*.45}{Catherine Hoffman}{}
\BOOKMARK [1][-]{section*.46}{Charles Hefer}{}
\BOOKMARK [1][-]{section*.47}{Charlotte Whitney}{}
\BOOKMARK [1][-]{section*.48}{Chris Grassa}{}
\BOOKMARK [1][-]{section*.49}{Chris Harley}{}
\BOOKMARK [1][-]{section*.50}{Chris Sears}{}
\BOOKMARK [1][-]{section*.51}{Christine Grossen}{}
\BOOKMARK [1][-]{section*.52}{Christine Woollacott}{}
\BOOKMARK [1][-]{section*.53}{Daisie Huang}{}
\BOOKMARK [1][-]{section*.54}{Dan Ebert}{}
\BOOKMARK [1][-]{section*.55}{Darah Gibson}{}
\BOOKMARK [1][-]{section*.56}{Dave Allen}{}
\BOOKMARK [1][-]{section*.57}{David Smith}{}
\BOOKMARK [1][-]{section*.58}{David Van Dyken}{}
\BOOKMARK [1][-]{section*.59}{Denis Tikhonenkov}{}
\BOOKMARK [1][-]{section*.60}{Diana Rennison}{}
\BOOKMARK [1][-]{section*.61}{Diane Srivastava}{}
\BOOKMARK [1][-]{section*.62}{Dolph Schluter}{}
\BOOKMARK [1][-]{section*.63}{Dylan Burge}{}
\BOOKMARK [1][-]{section*.64}{Edd Hammill}{}
\BOOKMARK [1][-]{section*.65}{Edy Piascik}{}
\BOOKMARK [1][-]{section*.66}{Elisabeth Hehenberger}{}
\BOOKMARK [1][-]{section*.67}{Elizabeth Goundie}{}
\BOOKMARK [1][-]{section*.68}{Elizabeth Kleynhans}{}
\BOOKMARK [1][-]{section*.69}{Emily LeDue}{}
\BOOKMARK [1][-]{section*.70}{Emily Lomax}{}
\BOOKMARK [1][-]{section*.71}{Erika Robertson}{}
\BOOKMARK [1][-]{section*.72}{Esa Koskela}{}
\BOOKMARK [1][-]{section*.73}{Eve Rickert}{}
\BOOKMARK [1][-]{section*.74}{Fabien Burki}{}
\BOOKMARK [1][-]{section*.75}{Florence D\351barre}{}
\BOOKMARK [1][-]{section*.76}{Floyd Bardell}{}
\BOOKMARK [1][-]{section*.77}{Fran\347ois Blanquart}{}
\BOOKMARK [1][-]{section*.78}{Genevieve Leduc-Robert}{}
\BOOKMARK [1][-]{section*.79}{Genn Meldrum}{}
\BOOKMARK [1][-]{section*.80}{Gerrit Velema}{}
\BOOKMARK [1][-]{section*.81}{Gina Conte}{}
\BOOKMARK [1][-]{section*.82}{Golya Mirderikvand}{}
\BOOKMARK [1][-]{section*.83}{Greg Baute}{}
\BOOKMARK [1][-]{section*.84}{Greg Gavelis}{}
\BOOKMARK [1][-]{section*.85}{Gregory Crutsinger}{}
\BOOKMARK [1][-]{section*.86}{Gregory Ross}{}
\BOOKMARK [1][-]{section*.87}{Greg Owens}{}
\BOOKMARK [1][-]{section*.88}{Gwylim Blackburn}{}
\BOOKMARK [1][-]{section*.89}{Gyan Harwood}{}
\BOOKMARK [1][-]{section*.90}{Hamish Grieg}{}
\BOOKMARK [1][-]{section*.91}{Hannes Dempewolf}{}
\BOOKMARK [1][-]{section*.92}{Hanson Wong}{}
\BOOKMARK [1][-]{section*.93}{Heather Piwowar}{}
\BOOKMARK [1][-]{section*.94}{Hildegard}{}
\BOOKMARK [1][-]{section*.95}{Holly Kindsvater}{}
\BOOKMARK [1][-]{section*.96}{Isabel Marques}{}
\BOOKMARK [1][-]{section*.97}{Itay Mayrose}{}
\BOOKMARK [1][-]{section*.98}{Jamie Leathem}{}
\BOOKMARK [1][-]{section*.99}{Jana Petermann}{}
\BOOKMARK [1][-]{section*.100}{Jan Einke}{}
\BOOKMARK [1][-]{section*.101}{Janet MacLean}{}
\BOOKMARK [1][-]{section*.102}{Jan Janouskovec}{}
\BOOKMARK [1][-]{section*.103}{Jasmine Ono}{}
\BOOKMARK [1][-]{section*.104}{Jeff R. Werner}{}
\BOOKMARK [1][-]{section*.105}{Jeff Werner}{}
\BOOKMARK [1][-]{section*.106}{Jennifer Guevara}{}
\BOOKMARK [1][-]{section*.107}{Jennifer Ruskey}{}
\BOOKMARK [1][-]{section*.108}{Jennifer Wirth}{}
\BOOKMARK [1][-]{section*.109}{Jenn Jorve}{}
\BOOKMARK [1][-]{section*.110}{Jeremy Draghi}{}
\BOOKMARK [1][-]{section*.111}{Jessica Garzke}{}
\BOOKMARK [1][-]{section*.112}{Jessica Lu}{}
\BOOKMARK [1][-]{section*.113}{Ji Yang}{}
\BOOKMARK [1][-]{section*.114}{Jocelyn Nelson}{}
\BOOKMARK [1][-]{section*.115}{Joey Bernhardt}{}
\BOOKMARK [1][-]{section*.116}{Jon Mee}{}
\BOOKMARK [1][-]{section*.117}{Jon Shurin}{}
\BOOKMARK [1][-]{section*.118}{JS Moore}{}
\BOOKMARK [1][-]{section*.119}{Juan Santos}{}
\BOOKMARK [1][-]{section*.120}{Julia Gustavsen}{}
\BOOKMARK [1][-]{section*.121}{Julian Heavyside}{}
\BOOKMARK [1][-]{section*.122}{Karen Magnuson-Ford}{}
\BOOKMARK [1][-]{section*.123}{Kat Anderson}{}
\BOOKMARK [1][-]{section*.124}{Kate Ostevik}{}
\BOOKMARK [1][-]{section*.125}{Katherine Ransom}{}
\BOOKMARK [1][-]{section*.126}{Kathryn Turner}{}
\BOOKMARK [1][-]{section*.127}{Katie Lotterhos}{}
\BOOKMARK [1][-]{section*.128}{Katrina Dlugosch}{}
\BOOKMARK [1][-]{section*.129}{Kay Hodgins}{}
\BOOKMARK [1][-]{section*.130}{Keith Adams}{}
\BOOKMARK [1][-]{section*.131}{Kevin Wakeman}{}
\BOOKMARK [1][-]{section*.132}{Kieran Samuk}{}
\BOOKMARK [1][-]{section*.133}{Kira Delmore}{}
\BOOKMARK [1][-]{section*.134}{Kristin Nurkowski}{}
\BOOKMARK [1][-]{section*.135}{Kyle Crowther}{}
\BOOKMARK [1][-]{section*.136}{Larissa Schaub}{}
\BOOKMARK [1][-]{section*.137}{Leah Blaney}{}
\BOOKMARK [1][-]{section*.138}{Lesha Koop Hines}{}
\BOOKMARK [1][-]{section*.139}{Leticia}{}
\BOOKMARK [1][-]{section*.140}{Linda Quamme}{}
\BOOKMARK [1][-]{section*.141}{Lindsay Aylesworth}{}
\BOOKMARK [1][-]{section*.142}{Lizzie Wolkovich}{}
\BOOKMARK [1][-]{section*.143}{Loren Rieseberg}{}
\BOOKMARK [1][-]{section*.144}{Luke Halpin}{}
\BOOKMARK [1][-]{section*.145}{Marco Todesco}{}
\BOOKMARK [1][-]{section*.146}{Mariana Diaz}{}
\BOOKMARK [1][-]{section*.147}{Mariano Rodriguez-Cabal}{}
\BOOKMARK [1][-]{section*.148}{Marilou Bourdages}{}
\BOOKMARK [1][-]{section*.149}{Mark Rendel}{}
\BOOKMARK [1][-]{section*.150}{Marli Vlok}{}
\BOOKMARK [1][-]{section*.151}{Marybel Soto}{}
\BOOKMARK [1][-]{section*.152}{Mary O'Connor}{}
\BOOKMARK [1][-]{section*.153}{Matt Barbour}{}
\BOOKMARK [1][-]{section*.154}{Matt Casselman}{}
\BOOKMARK [1][-]{section*.155}{Matt Herron}{}
\BOOKMARK [1][-]{section*.156}{Matt Osmond}{}
\BOOKMARK [1][-]{section*.157}{Matt Siegle}{}
\BOOKMARK [1][-]{section*.158}{Matty Hartfield}{}
\BOOKMARK [1][-]{section*.159}{Maxence Salomon}{}
\BOOKMARK [1][-]{section*.160}{Maya Christie}{}
\BOOKMARK [1][-]{section*.161}{Megan Bontrager}{}
\BOOKMARK [1][-]{section*.162}{Megan Long}{}
\BOOKMARK [1][-]{section*.163}{Megan Vaughan}{}
\BOOKMARK [1][-]{section*.164}{Melissa Bodner}{}
\BOOKMARK [1][-]{section*.165}{Michael Scott}{}
\BOOKMARK [1][-]{section*.166}{Michael Sheriff}{}
\BOOKMARK [1][-]{section*.167}{Mike Champion}{}
\BOOKMARK [1][-]{section*.168}{Mike Whitlock}{}
\BOOKMARK [1][-]{section*.169}{Mine Salkin}{}
\BOOKMARK [1][-]{section*.170}{Nancy Lee}{}
\BOOKMARK [1][-]{section*.171}{Naoji Yubuki}{}
\BOOKMARK [1][-]{section*.172}{Naomi Fast}{}
\BOOKMARK [1][-]{section*.173}{Nathan Kraft}{}
\BOOKMARK [1][-]{section*.174}{Navdeep Gill}{}
\BOOKMARK [1][-]{section*.175}{Nicola Smith}{}
\BOOKMARK [1][-]{section*.176}{Nicole Littlemore}{}
\BOOKMARK [1][-]{section*.177}{Ninam Cormetto}{}
\BOOKMARK [1][-]{section*.178}{Nolan Kane}{}
\BOOKMARK [1][-]{section*.179}{Noriko Okamoto}{}
\BOOKMARK [1][-]{section*.180}{Nyssa Temmel}{}
\BOOKMARK [1][-]{section*.181}{Pamela Matute}{}
\BOOKMARK [1][-]{section*.182}{Patrick Thompson}{}
\BOOKMARK [1][-]{section*.183}{Pat Tamkee}{}
\BOOKMARK [1][-]{section*.184}{Paula Omena}{}
\BOOKMARK [1][-]{section*.185}{Paul Halychuk}{}
\BOOKMARK [1][-]{section*.186}{Pavel Kratina}{}
\BOOKMARK [1][-]{section*.187}{Penny Birnam}{}
\BOOKMARK [1][-]{section*.188}{Peter deKoning}{}
\BOOKMARK [1][-]{section*.189}{Qin Li}{}
\BOOKMARK [1][-]{section*.190}{Rachel Poliquin}{}
\BOOKMARK [1][-]{section*.191}{Rebecca Seifert}{}
\BOOKMARK [1][-]{section*.192}{Reme Beyers}{}
\BOOKMARK [1][-]{section*.193}{Rich FitzJohn}{}
\BOOKMARK [1][-]{section*.194}{Rick Taylor}{}
\BOOKMARK [1][-]{section*.195}{Robert Colautti}{}
\BOOKMARK [1][-]{section*.196}{Robin LeCraw}{}
\BOOKMARK [1][-]{section*.197}{Rose Andrew}{}
\BOOKMARK [1][-]{section*.198}{Ross Whippo}{}
\BOOKMARK [1][-]{section*.199}{Rowan Barrett}{}
\BOOKMARK [1][-]{section*.200}{Roy Turkington}{}
\BOOKMARK [1][-]{section*.201}{Rudi Verspoor}{}
\BOOKMARK [1][-]{section*.202}{Russ Markel}{}
\BOOKMARK [1][-]{section*.203}{Ruth Sharpe}{}
\BOOKMARK [1][-]{section*.204}{Ryan Germain}{}
\BOOKMARK [1][-]{section*.205}{Ryan Shartau}{}
\BOOKMARK [1][-]{section*.206}{Sabrina Shartau}{}
\BOOKMARK [1][-]{section*.207}{Saemi Sveinsson}{}
\BOOKMARK [1][-]{section*.208}{Sally Aitken}{}
\BOOKMARK [1][-]{section*.209}{Sally Otto}{}
\BOOKMARK [1][-]{section*.210}{Sam Yeaman}{}
\BOOKMARK [1][-]{section*.211}{Santiago David}{}
\BOOKMARK [1][-]{section*.212}{Sarah Amundrud}{}
\BOOKMARK [1][-]{section*.213}{Sarah Yakimowski}{}
\BOOKMARK [1][-]{section*.214}{Sara Miller}{}
\BOOKMARK [1][-]{section*.215}{Scott Donker}{}
\BOOKMARK [1][-]{section*.216}{S\351bastien Renaut}{}
\BOOKMARK [1][-]{section*.217}{Shao-Lun Liu}{}
\BOOKMARK [1][-]{section*.218}{Shiao Hayakawa}{}
\BOOKMARK [1][-]{section*.219}{Sigal Friedmann}{}
\BOOKMARK [1][-]{section*.220}{Simone Immle}{}
\BOOKMARK [1][-]{section*.221}{Sonja Rummell}{}
\BOOKMARK [1][-]{section*.222}{Stefan Dick}{}
\BOOKMARK [1][-]{section*.223}{Stephanie A-G}{}
\BOOKMARK [1][-]{section*.224}{Stephanie Avery}{}
\BOOKMARK [1][-]{section*.225}{Steve Henstra}{}
\BOOKMARK [1][-]{section*.226}{Stilianos Louca}{}
\BOOKMARK [1][-]{section*.227}{Susan Fassnacht}{}
\BOOKMARK [1][-]{section*.228}{Tanya MacInnes}{}
\BOOKMARK [1][-]{section*.229}{Teale Dunsford}{}
\BOOKMARK [1][-]{section*.230}{Ted Hart}{}
\BOOKMARK [1][-]{section*.231}{Tess Grainger}{}
\BOOKMARK [1][-]{section*.232}{Theraesa Coyle}{}
\BOOKMARK [1][-]{section*.233}{Thierry Heger}{}
\BOOKMARK [1][-]{section*.234}{Thor Veen}{}
\BOOKMARK [1][-]{section*.235}{Thuy Nguyen}{}
\BOOKMARK [1][-]{section*.236}{Travis Ingram}{}
\BOOKMARK [1][-]{section*.237}{Vinnie Farjalla}{}
\BOOKMARK [1][-]{section*.238}{Virginia Noble}{}
\BOOKMARK [1][-]{section*.239}{Wes Wenhardt}{}
\BOOKMARK [1][-]{section*.240}{William Mountbatten}{}
\BOOKMARK [1][-]{section*.241}{Yoshi Hirakawa}{}
\BOOKMARK [1][-]{section*.242}{Yukiko Stranger-Jones}{}
\BOOKMARK [1][-]{section*.243}{Zach Daly}{}
