\BOOKMARK [1][-]{section*.2}{Adam Ford}{}
\BOOKMARK [1][-]{section*.3}{Adam Wilkinson}{}
\BOOKMARK [1][-]{section*.4}{Adria Hussain}{}
\BOOKMARK [1][-]{section*.5}{Alana Schick}{}
\BOOKMARK [1][-]{section*.6}{Alathea LeTaw}{}
\BOOKMARK [1][-]{section*.7}{Aleeza Gerstein}{}
\BOOKMARK [1][-]{section*.8}{Aliny Pires}{}
\BOOKMARK [1][-]{section*.9}{Alison Poner}{}
\BOOKMARK [1][-]{section*.10}{Alistair Blachford}{}
\BOOKMARK [1][-]{section*.11}{Allan DeBono}{}
\BOOKMARK [1][-]{section*.12}{Allison Barnes}{}
\BOOKMARK [1][-]{section*.13}{Amber Saundry}{}
\BOOKMARK [1][-]{section*.14}{Ana Gonzalves}{}
\BOOKMARK [1][-]{section*.15}{Anastasia Kuzmin}{}
\BOOKMARK [1][-]{section*.16}{Andrea H}{}
\BOOKMARK [1][-]{section*.17}{Andr\351a Stephens}{}
\BOOKMARK [1][-]{section*.18}{Andrew MacDonald}{}
\BOOKMARK [1][-]{section*.19}{Ang\351lica Gonz\341lez}{}
\BOOKMARK [1][-]{section*.20}{Angie Nicolas}{}
\BOOKMARK [1][-]{section*.21}{Anna Maria Csergio}{}
\BOOKMARK [1][-]{section*.22}{Anna Van Tol}{}
\BOOKMARK [1][-]{section*.23}{Anne Bjorkman}{}
\BOOKMARK [1][-]{section*.24}{Anne Dalziel}{}
\BOOKMARK [1][-]{section*.25}{Annika}{}
\BOOKMARK [1][-]{section*.26}{Armando Geraldes}{}
\BOOKMARK [1][-]{section*.27}{Arne Mooers}{}
\BOOKMARK [1][-]{section*.28}{Art Shostak}{}
\BOOKMARK [1][-]{section*.29}{Ashley Smith}{}
\BOOKMARK [1][-]{section*.30}{Barbara Koot}{}
\BOOKMARK [1][-]{section*.31}{Becca Gooding}{}
\BOOKMARK [1][-]{section*.32}{Becca Kordas}{}
\BOOKMARK [1][-]{section*.33}{Bep Schippers}{}
\BOOKMARK [1][-]{section*.34}{Bill Harrower}{}
\BOOKMARK [1][-]{section*.35}{Birgit Schwarz}{}
\BOOKMARK [1][-]{section*.36}{Brianna Wright}{}
\BOOKMARK [1][-]{section*.37}{Bridget Conneely}{}
\BOOKMARK [1][-]{section*.38}{Brook Moyers}{}
\BOOKMARK [1][-]{section*.39}{Cait Nelson}{}
\BOOKMARK [1][-]{section*.40}{Camille Cacnio}{}
\BOOKMARK [1][-]{section*.41}{Carling Gerlinsky}{}
\BOOKMARK [1][-]{section*.42}{Carl Rothfels}{}
\BOOKMARK [1][-]{section*.43}{Caroline Chenard}{}
\BOOKMARK [1][-]{section*.44}{Catherine Hoffman}{}
\BOOKMARK [1][-]{section*.45}{Charles Hefer}{}
\BOOKMARK [1][-]{section*.46}{Charlotte Whitney}{}
\BOOKMARK [1][-]{section*.47}{Chris Grassa}{}
\BOOKMARK [1][-]{section*.48}{Chris Harley}{}
\BOOKMARK [1][-]{section*.49}{Chris Sears}{}
\BOOKMARK [1][-]{section*.50}{Christine Grossen}{}
\BOOKMARK [1][-]{section*.51}{Christine Woollacott}{}
\BOOKMARK [1][-]{section*.52}{Daisie Huang}{}
\BOOKMARK [1][-]{section*.53}{Dan Ebert}{}
\BOOKMARK [1][-]{section*.54}{Darah Gibson}{}
\BOOKMARK [1][-]{section*.55}{Dave Allen}{}
\BOOKMARK [1][-]{section*.56}{David Smith}{}
\BOOKMARK [1][-]{section*.57}{David Van Dyken}{}
\BOOKMARK [1][-]{section*.58}{Denis Tikhonenkov}{}
\BOOKMARK [1][-]{section*.59}{Diana Rennison}{}
\BOOKMARK [1][-]{section*.60}{Diane Srivastava}{}
\BOOKMARK [1][-]{section*.61}{Dolph Schluter}{}
\BOOKMARK [1][-]{section*.62}{Dylan Burge}{}
\BOOKMARK [1][-]{section*.63}{Edd Hammill}{}
\BOOKMARK [1][-]{section*.64}{Edy Piascik}{}
\BOOKMARK [1][-]{section*.65}{Elisabeth Hehenberger}{}
\BOOKMARK [1][-]{section*.66}{Elizabeth Kleynhans}{}
\BOOKMARK [1][-]{section*.67}{Emily LeDue}{}
\BOOKMARK [1][-]{section*.68}{Emily Lomax}{}
\BOOKMARK [1][-]{section*.69}{Erika Robertson}{}
\BOOKMARK [1][-]{section*.70}{Esa Koskela}{}
\BOOKMARK [1][-]{section*.71}{Eve Rickert}{}
\BOOKMARK [1][-]{section*.72}{Fabien Burki}{}
\BOOKMARK [1][-]{section*.73}{Florence D\351barre}{}
\BOOKMARK [1][-]{section*.74}{Floyd Bardell}{}
\BOOKMARK [1][-]{section*.75}{Genevieve Leduc-Robert}{}
\BOOKMARK [1][-]{section*.76}{Genn Meldrum}{}
\BOOKMARK [1][-]{section*.77}{Gerrit Velema}{}
\BOOKMARK [1][-]{section*.78}{Gina Conte}{}
\BOOKMARK [1][-]{section*.79}{Golya Mirderikvand}{}
\BOOKMARK [1][-]{section*.80}{Greg Baute}{}
\BOOKMARK [1][-]{section*.81}{Greg Gavelis}{}
\BOOKMARK [1][-]{section*.82}{Gregory Crutsinger}{}
\BOOKMARK [1][-]{section*.83}{Gregory Ross}{}
\BOOKMARK [1][-]{section*.84}{Greg Owens}{}
\BOOKMARK [1][-]{section*.85}{Gwylim Blackburn}{}
\BOOKMARK [1][-]{section*.86}{Gyan Harwood}{}
\BOOKMARK [1][-]{section*.87}{Hamish Grieg}{}
\BOOKMARK [1][-]{section*.88}{Hannes Dempewolf}{}
\BOOKMARK [1][-]{section*.89}{Hanson Wong}{}
\BOOKMARK [1][-]{section*.90}{Heather Piwowar}{}
\BOOKMARK [1][-]{section*.91}{Hildegard}{}
\BOOKMARK [1][-]{section*.92}{Holly Kindsvater}{}
\BOOKMARK [1][-]{section*.93}{Isabel Marquez}{}
\BOOKMARK [1][-]{section*.94}{Itay Mayrose}{}
\BOOKMARK [1][-]{section*.95}{Jamie Leathem}{}
\BOOKMARK [1][-]{section*.96}{Jana Petermann}{}
\BOOKMARK [1][-]{section*.97}{Jan Einke}{}
\BOOKMARK [1][-]{section*.98}{Janet MacLean}{}
\BOOKMARK [1][-]{section*.99}{Jan Janouskovec}{}
\BOOKMARK [1][-]{section*.100}{Jasmine Ono}{}
\BOOKMARK [1][-]{section*.101}{Jeff Werner}{}
\BOOKMARK [1][-]{section*.102}{Jennifer Guevara}{}
\BOOKMARK [1][-]{section*.103}{Jennifer Ruskey}{}
\BOOKMARK [1][-]{section*.104}{Jennifer Wirth}{}
\BOOKMARK [1][-]{section*.105}{Jenn Jorve}{}
\BOOKMARK [1][-]{section*.106}{Jeremy Draghi}{}
\BOOKMARK [1][-]{section*.107}{Jessica Garzke}{}
\BOOKMARK [1][-]{section*.108}{Jessica Lu}{}
\BOOKMARK [1][-]{section*.109}{Ji Yang}{}
\BOOKMARK [1][-]{section*.110}{Jocelyn Nelson}{}
\BOOKMARK [1][-]{section*.111}{Joey Bernhardt}{}
\BOOKMARK [1][-]{section*.112}{Jon Mee}{}
\BOOKMARK [1][-]{section*.113}{Jon Shurin}{}
\BOOKMARK [1][-]{section*.114}{JS Moore}{}
\BOOKMARK [1][-]{section*.115}{Juan Santos}{}
\BOOKMARK [1][-]{section*.116}{Julia Gustavsen}{}
\BOOKMARK [1][-]{section*.117}{Julian Heavyside}{}
\BOOKMARK [1][-]{section*.118}{Karen Magnuson-Ford}{}
\BOOKMARK [1][-]{section*.119}{Kat Anderson}{}
\BOOKMARK [1][-]{section*.120}{Kate Ostevik}{}
\BOOKMARK [1][-]{section*.121}{Katherine Ransom}{}
\BOOKMARK [1][-]{section*.122}{Kathryn Turner}{}
\BOOKMARK [1][-]{section*.123}{Katie Lotterhos}{}
\BOOKMARK [1][-]{section*.124}{Katrina Dlugosch}{}
\BOOKMARK [1][-]{section*.125}{Kay Hodgins}{}
\BOOKMARK [1][-]{section*.126}{Keith Adams}{}
\BOOKMARK [1][-]{section*.127}{Kevin Wakeman}{}
\BOOKMARK [1][-]{section*.128}{Kieran Samuk}{}
\BOOKMARK [1][-]{section*.129}{Kira Delmore}{}
\BOOKMARK [1][-]{section*.130}{Kristin Nurkowski}{}
\BOOKMARK [1][-]{section*.131}{Kyle Crowther}{}
\BOOKMARK [1][-]{section*.132}{Larissa Schaub}{}
\BOOKMARK [1][-]{section*.133}{Leah Blaney}{}
\BOOKMARK [1][-]{section*.134}{Lesha Koop Hines}{}
\BOOKMARK [1][-]{section*.135}{Leticia}{}
\BOOKMARK [1][-]{section*.136}{Linda Quamme}{}
\BOOKMARK [1][-]{section*.137}{Lindsay Aylesworth}{}
\BOOKMARK [1][-]{section*.138}{Lizzie Wolkovich}{}
\BOOKMARK [1][-]{section*.139}{Loren Rieseberg}{}
\BOOKMARK [1][-]{section*.140}{Luke Halpin}{}
\BOOKMARK [1][-]{section*.141}{Marco Todesco}{}
\BOOKMARK [1][-]{section*.142}{Mariana Diaz}{}
\BOOKMARK [1][-]{section*.143}{Mariano Rodriguez-Cabal}{}
\BOOKMARK [1][-]{section*.144}{Marilou Bourdages}{}
\BOOKMARK [1][-]{section*.145}{Mark Rendel}{}
\BOOKMARK [1][-]{section*.146}{Marli Vlok}{}
\BOOKMARK [1][-]{section*.147}{Marybel Soto}{}
\BOOKMARK [1][-]{section*.148}{Mary O'Connor}{}
\BOOKMARK [1][-]{section*.149}{Matt Barbour}{}
\BOOKMARK [1][-]{section*.150}{Matt Casselman}{}
\BOOKMARK [1][-]{section*.151}{Matt Herron}{}
\BOOKMARK [1][-]{section*.152}{Matt Osmond}{}
\BOOKMARK [1][-]{section*.153}{Matt Siegle}{}
\BOOKMARK [1][-]{section*.154}{Matty Hartfield}{}
\BOOKMARK [1][-]{section*.155}{Maxence Salomon}{}
\BOOKMARK [1][-]{section*.156}{Maya Christie}{}
\BOOKMARK [1][-]{section*.157}{Megan Bontrager}{}
\BOOKMARK [1][-]{section*.158}{Megan Long}{}
\BOOKMARK [1][-]{section*.159}{Megan Vaughan}{}
\BOOKMARK [1][-]{section*.160}{Melissa Bodner}{}
\BOOKMARK [1][-]{section*.161}{Michael Scott}{}
\BOOKMARK [1][-]{section*.162}{Michael Sheriff}{}
\BOOKMARK [1][-]{section*.163}{Mike Champion}{}
\BOOKMARK [1][-]{section*.164}{Mike Whitlock}{}
\BOOKMARK [1][-]{section*.165}{Mine Salkin}{}
\BOOKMARK [1][-]{section*.166}{Nancy Lee}{}
\BOOKMARK [1][-]{section*.167}{Naoji Yubuki}{}
\BOOKMARK [1][-]{section*.168}{Naomi Fast}{}
\BOOKMARK [1][-]{section*.169}{Nathan Kraft}{}
\BOOKMARK [1][-]{section*.170}{Navdeep Gill}{}
\BOOKMARK [1][-]{section*.171}{Nicola Smith}{}
\BOOKMARK [1][-]{section*.172}{Nicole Littlemore}{}
\BOOKMARK [1][-]{section*.173}{Ninam Cormetto}{}
\BOOKMARK [1][-]{section*.174}{Nolan Kane}{}
\BOOKMARK [1][-]{section*.175}{Noriko Okamoto}{}
\BOOKMARK [1][-]{section*.176}{Nyssa Temmel}{}
\BOOKMARK [1][-]{section*.177}{Pamela Matute}{}
\BOOKMARK [1][-]{section*.178}{Patrick Thompson}{}
\BOOKMARK [1][-]{section*.179}{Pat Tamkee}{}
\BOOKMARK [1][-]{section*.180}{Paula Omena}{}
\BOOKMARK [1][-]{section*.181}{Paul Halychuk}{}
\BOOKMARK [1][-]{section*.182}{Pavel Kratina}{}
\BOOKMARK [1][-]{section*.183}{Penny Birnam}{}
\BOOKMARK [1][-]{section*.184}{Peter deKoning}{}
\BOOKMARK [1][-]{section*.185}{Qin Li}{}
\BOOKMARK [1][-]{section*.186}{Rachel Poliquin}{}
\BOOKMARK [1][-]{section*.187}{Rebecca Seifert}{}
\BOOKMARK [1][-]{section*.188}{Reme Beyers}{}
\BOOKMARK [1][-]{section*.189}{Rich FitzJohn}{}
\BOOKMARK [1][-]{section*.190}{Rick Taylor}{}
\BOOKMARK [1][-]{section*.191}{Robert Colautti}{}
\BOOKMARK [1][-]{section*.192}{Robin LeCraw}{}
\BOOKMARK [1][-]{section*.193}{Rose Andrew}{}
\BOOKMARK [1][-]{section*.194}{Ross Whippo}{}
\BOOKMARK [1][-]{section*.195}{Rowan Barrett}{}
\BOOKMARK [1][-]{section*.196}{Roy Turkington}{}
\BOOKMARK [1][-]{section*.197}{Rudi Verspoor}{}
\BOOKMARK [1][-]{section*.198}{Russ Markel}{}
\BOOKMARK [1][-]{section*.199}{Ruth Sharpe}{}
\BOOKMARK [1][-]{section*.200}{Ryan Germain}{}
\BOOKMARK [1][-]{section*.201}{Ryan Shartau}{}
\BOOKMARK [1][-]{section*.202}{Sabrina Shartau}{}
\BOOKMARK [1][-]{section*.203}{Saemi Sveinsson}{}
\BOOKMARK [1][-]{section*.204}{Sally Aitken}{}
\BOOKMARK [1][-]{section*.205}{Sally Otto}{}
\BOOKMARK [1][-]{section*.206}{Sam Yeaman}{}
\BOOKMARK [1][-]{section*.207}{Santiago David}{}
\BOOKMARK [1][-]{section*.208}{Sarah Amundrud}{}
\BOOKMARK [1][-]{section*.209}{Sarah Yakimowski}{}
\BOOKMARK [1][-]{section*.210}{Sara Miller}{}
\BOOKMARK [1][-]{section*.211}{Scott Donker}{}
\BOOKMARK [1][-]{section*.212}{S\351bastien Renaut}{}
\BOOKMARK [1][-]{section*.213}{Shao-Lun Liu}{}
\BOOKMARK [1][-]{section*.214}{Shiao Hayakawa}{}
\BOOKMARK [1][-]{section*.215}{Sigal Friedmann}{}
\BOOKMARK [1][-]{section*.216}{Simone Immle}{}
\BOOKMARK [1][-]{section*.217}{Sonja Rummell}{}
\BOOKMARK [1][-]{section*.218}{Stefan Dick}{}
\BOOKMARK [1][-]{section*.219}{Stephanie Ag}{}
\BOOKMARK [1][-]{section*.220}{Stephanie Avery}{}
\BOOKMARK [1][-]{section*.221}{Steve Henstra}{}
\BOOKMARK [1][-]{section*.222}{Stilianos Louca}{}
\BOOKMARK [1][-]{section*.223}{Susan Fassnacht}{}
\BOOKMARK [1][-]{section*.224}{Tanya MacInnes}{}
\BOOKMARK [1][-]{section*.225}{Teale Dunsford}{}
\BOOKMARK [1][-]{section*.226}{Ted Hart}{}
\BOOKMARK [1][-]{section*.227}{Tess Grainger}{}
\BOOKMARK [1][-]{section*.228}{Theraesa Coyle}{}
\BOOKMARK [1][-]{section*.229}{Thierry Heger}{}
\BOOKMARK [1][-]{section*.230}{Thor Veen}{}
\BOOKMARK [1][-]{section*.231}{Thuy Nguyen}{}
\BOOKMARK [1][-]{section*.232}{Travis Ingram}{}
\BOOKMARK [1][-]{section*.233}{Vinnie Farjalla}{}
\BOOKMARK [1][-]{section*.234}{Virginia Noble}{}
\BOOKMARK [1][-]{section*.235}{Wes Wenhardt}{}
\BOOKMARK [1][-]{section*.236}{William Mountbatten}{}
\BOOKMARK [1][-]{section*.237}{Yoshi Hirakawa}{}
\BOOKMARK [1][-]{section*.238}{Yukiko Stranger-Jones}{}
\BOOKMARK [1][-]{section*.239}{Zach Daly}{}
